<?xml version="1.0" encoding="UTF-8"?>
<testsuite xmlns:xsi="http://www.w3.org/2001/XMLSchema-instance" xsi:noNamespaceSchemaLocation="https://maven.apache.org/surefire/maven-surefire-plugin/xsd/surefire-test-report.xsd" name="TC001 Tutorials sayfa testi" time="0.018" tests="1" errors="1" skipped="0" failures="0">
  <properties>
[...]
</properties>
  <testcase name="Tutorials sayfasinda urunleri sepete ekler" classname="TC001 Tutorials sayfa testi" time="0.018">
    <error message="The step &apos;Kullanici tutorials anasaysaina gider&apos; and 7 other step(s) are undefined.&#10;You can implement these steps using the snippet(s) below:&#10;&#10;@Given(&quot;Kullanici tutorials anasaysaina gider&quot;)&#10;public void kullanici_tutorials_anasaysaina_gider() {&#10;    // Write code here that turns the phrase above into concrete actions&#10;    throw new io.cucumber.java.PendingException();&#10;}&#10;@Then(&quot;Kullanici Phones &amp; PDAs a tiklar&quot;)&#10;public void kullanici_phones_pd_as_a_tiklar() {&#10;    // Write code here that turns the phrase above into concrete actions&#10;    throw new io.cucumber.java.PendingException();&#10;}&#10;@Then(&quot;Kullanici telefon marka isimlerini log eder&quot;)&#10;public void kullanici_telefon_marka_isimlerini_log_eder() {&#10;    // Write code here that turns the phrase above into concrete actions&#10;    throw new io.cucumber.java.PendingException();&#10;}&#10;@Then(&quot;Kullanici tum ogeleri sepete ekler&quot;)&#10;public void kullanici_tum_ogeleri_sepete_ekler() {&#10;    // Write code here that turns the phrase above into concrete actions&#10;    throw new io.cucumber.java.PendingException();&#10;}&#10;@Then(&quot;Kullanici sepete tiklar&quot;)&#10;public void kullanici_sepete_tiklar() {&#10;    // Write code here that turns the phrase above into concrete actions&#10;    throw new io.cucumber.java.PendingException();&#10;}&#10;@Then(&quot;Kullanici sepetteki urun isimlerini log eder&quot;)&#10;public void kullanici_sepetteki_urun_isimlerini_log_eder() {&#10;    // Write code here that turns the phrase above into concrete actions&#10;    throw new io.cucumber.java.PendingException();&#10;}&#10;@Then(&quot;Kullanici sepet ve sayfadaki urunlerin ayni oldugunu dogrular&quot;)&#10;public void kullanici_sepet_ve_sayfadaki_urunlerin_ayni_oldugunu_dogrular() {&#10;    // Write code here that turns the phrase above into concrete actions&#10;    throw new io.cucumber.java.PendingException();&#10;}&#10;@Then(&quot;Kullanici sayfayi kapatir&quot;)&#10;public void kullanici_sayfayi_kapatir() {&#10;    // Write code here that turns the phrase above into concrete actions&#10;    throw new io.cucumber.java.PendingException();&#10;}&#10;" type="io.cucumber.junit.UndefinedStepException"><![CDATA[io.cucumber.junit.UndefinedStepException: 
The step 'Kullanici tutorials anasaysaina gider' and 7 other step(s) are undefined.
You can implement these steps using the snippet(s) below:

@Given("Kullanici tutorials anasaysaina gider")
public void kullanici_tutorials_anasaysaina_gider() {
    // Write code here that turns the phrase above into concrete actions
    throw new io.cucumber.java.PendingException();
}
@Then("Kullanici Phones & PDAs a tiklar")
public void kullanici_phones_pd_as_a_tiklar() {
    // Write code here that turns the phrase above into concrete actions
    throw new io.cucumber.java.PendingException();
}
@Then("Kullanici telefon marka isimlerini log eder")
public void kullanici_telefon_marka_isimlerini_log_eder() {
    // Write code here that turns the phrase above into concrete actions
    throw new io.cucumber.java.PendingException();
}
@Then("Kullanici tum ogeleri sepete ekler")
public void kullanici_tum_ogeleri_sepete_ekler() {
    // Write code here that turns the phrase above into concrete actions
    throw new io.cucumber.java.PendingException();
}
@Then("Kullanici sepete tiklar")
public void kullanici_sepete_tiklar() {
    // Write code here that turns the phrase above into concrete actions
    throw new io.cucumber.java.PendingException();
}
@Then("Kullanici sepetteki urun isimlerini log eder")
public void kullanici_sepetteki_urun_isimlerini_log_eder() {
    // Write code here that turns the phrase above into concrete actions
    throw new io.cucumber.java.PendingException();
}
@Then("Kullanici sepet ve sayfadaki urunlerin ayni oldugunu dogrular")
public void kullanici_sepet_ve_sayfadaki_urunlerin_ayni_oldugunu_dogrular() {
    // Write code here that turns the phrase above into concrete actions
    throw new io.cucumber.java.PendingException();
}
@Then("Kullanici sayfayi kapatir")
public void kullanici_sayfayi_kapatir() {
    // Write code here that turns the phrase above into concrete actions
    throw new io.cucumber.java.PendingException();
}

]]></error>
  </testcase>
</testsuite>